<?xml version="1.0" encoding="UTF-8"?>
<!-- Generated by org.testng.reporters.JUnitReportReporter -->
<testsuite hostname="Hassan-Ka" failures="0" tests="10" name="testCases.PracticeClass" time="0.015" errors="0" timestamp="2024-05-23T19:32:55 EDT" skipped="0">
  <testcase classname="testCases.PracticeClass" name="myTestPractices" time="0.001"/>
  <system-out/>
  <testcase classname="testCases.PracticeClass" name="myTestPractices" time="0.001"/>
  <system-out/>
  <testcase classname="testCases.PracticeClass" name="tats" time="0.001"/>
  <system-out/>
  <testcase classname="testCases.PracticeClass" name="tats" time="0.000"/>
  <system-out/>
  <testcase classname="testCases.PracticeClass" name="myTestPractices" time="0.001"/>
  <system-out/>
  <testcase classname="testCases.PracticeClass" name="tats" time="0.001"/>
  <system-out/>
  <testcase classname="testCases.PracticeClass" name="tats" time="0.001"/>
  <system-out/>
  <testcase classname="testCases.PracticeClass" name="myTestPractices" time="0.001"/>
  <system-out/>
  <testcase classname="testCases.PracticeClass" name="myTestPractices" time="0.007"/>
  <system-out/>
  <testcase classname="testCases.PracticeClass" name="tats" time="0.001"/>
  <system-out/>
</testsuite> <!-- testCases.PracticeClass -->
