<?xml version="1.0" encoding="UTF-8"?>
<!-- Generated by org.testng.reporters.JUnitReportReporter -->
<testsuite hostname="Hassan-Ka" failures="0" tests="1" name="testCases.VerifyRegistartionFunction" time="0.713" errors="0" timestamp="2024-05-18T17:09:48 EDT" skipped="0">
  <testcase classname="testCases.VerifyRegistartionFunction" name="RegistrationwithValidInputs" time="0.713"/>
</testsuite> <!-- testCases.VerifyRegistartionFunction -->
