<?xml version="1.0" encoding="UTF-8"?>
<!-- Generated by org.testng.reporters.JUnitReportReporter -->
<testsuite hostname="Hassan-Ka" failures="0" tests="1" name="testCases.LoginTest2" time="1.333" errors="0" timestamp="2024-10-29T22:39:55 EDT" skipped="0">
  <testcase classname="testCases.LoginTest2" name="verifyLoginFunctionWithvalidCredentials" time="1.333"/>
  <system-out/>
</testsuite> <!-- testCases.LoginTest2 -->
