<?xml version="1.0" encoding="UTF-8"?>
<!-- Generated by org.testng.reporters.JUnitReportReporter -->
<testsuite hostname="Hassan-Ka" failures="0" tests="1" name="testCases.RegistrationTest" time="2.417" errors="0" timestamp="2024-10-29T22:48:12 EDT" skipped="0">
  <testcase classname="testCases.RegistrationTest" name="registerWithValidCredentials" time="2.417"/>
  <system-out/>
</testsuite> <!-- testCases.RegistrationTest -->
