<?xml version="1.0" encoding="UTF-8"?>
<!-- Generated by org.testng.reporters.JUnitReportReporter -->
<testsuite hostname="Hassan-Ka" failures="0" tests="5" name="utilities.DataProviders" time="0.093" errors="0" timestamp="2024-10-18T10:51:53 EDT" skipped="0">
  <testcase classname="utilities.DataProviders" name="tats" time="0.015"/>
  <system-out/>
  <testcase classname="utilities.DataProviders" name="tats" time="0.021"/>
  <system-out/>
  <testcase classname="utilities.DataProviders" name="tats" time="0.027"/>
  <system-out/>
  <testcase classname="utilities.DataProviders" name="tats" time="0.019"/>
  <system-out/>
  <testcase classname="utilities.DataProviders" name="tats" time="0.011"/>
  <system-out/>
</testsuite> <!-- utilities.DataProviders -->
