<?xml version="1.0" encoding="UTF-8"?>
<!-- Generated by org.testng.reporters.JUnitReportReporter -->
<testsuite hostname="Hassan-Ka" failures="0" tests="1" name="testCases.LoginTest2" time="1.065" errors="0" timestamp="2024-10-29T23:18:47 EDT" skipped="0">
  <testcase classname="testCases.LoginTest2" name="verifyLoginFunctionWithvalidCredentials" time="1.065"/>
</testsuite> <!-- testCases.LoginTest2 -->
