<?xml version="1.0" encoding="UTF-8"?>
<!-- Generated by org.testng.reporters.JUnitReportReporter -->
<testsuite hostname="Hassan-Ka" failures="0" tests="1" name="testCases.RegistrationTest" time="2.066" errors="0" timestamp="2024-10-29T23:18:47 EDT" skipped="0">
  <testcase classname="testCases.RegistrationTest" name="registerWithValidCredentials" time="2.066"/>
</testsuite> <!-- testCases.RegistrationTest -->
